# configure exec: ./configure --prefix=/home/alaeddine/Desktop/rec-sys/app-backend/node_modules/node-rdkafka/build/deps --libdir=/home/alaeddine/Desktop/rec-sys/app-backend/node_modules/node-rdkafka/build/deps --prefix=/home/alaeddine/Desktop/rec-sys/app-backend/node_modules/node-rdkafka/build/deps --libdir=/home/alaeddine/Desktop/rec-sys/app-backend/node_modules/node-rdkafka/build/deps
# On Sat 06 May 2023 02:06:01 AM CET
DBG 85866: Setting distro (distro) status to ok (action ignore)
DBG 85866: ccenv: WITH_CC:  --version failed: mklove/modules/configure.base: line 1824: --version: command not found
DBG 85866: Setting ccenv (ccenv) status to failed (action cont)
DBG 85866: Check ccenv (WITH_CC, action cont (originally cont)) failed: command ' --version' failed:
mklove/modules/configure.base: line 1824: --version: command not found
DBG 85866: Setting gcc (gcc) status to ok (action cont)
DBG 85866: cxxenv: WITH_CXX:  --version failed: mklove/modules/configure.base: line 1824: --version: command not found
DBG 85866: Setting cxxenv (cxxenv) status to failed (action cont)
DBG 85866: Check cxxenv (WITH_CXX, action cont (originally cont)) failed: command ' --version' failed:
mklove/modules/configure.base: line 1824: --version: command not found
DBG 85866: Setting gxx (gxx) status to ok (action cont)
DBG 85866: Setting ld (ld) status to ok (action disable)
DBG 85866: Setting nm (nm) status to ok (action disable)
DBG 85866: Setting objdump (objdump) status to ok (action disable)
DBG 85866: Setting strip (strip) status to ok (action disable)
DBG 85866: libtool: : libtool is not executable: 
DBG 85866: Setting libtool (libtool) status to failed (action disable)
DBG 85866: Check libtool (, action disable (originally disable)) failed: libtool is not executable
DBG 85866: Setting ranlib (ranlib) status to ok (action disable)
DBG 85866: Setting pkgconfig (pkgconfig) status to ok (action cont)
DBG 85866: Setting install (install) status to ok (action cont)
DBG 85866: Setting gnuar (gnuar) status to ok (action disable)
DBG 85866: Compile check PIC (HAVE_PIC) (sub=0): gcc  -g -O2 -Wall -Werror _mkltmpJPPgzT.c -o _mkltmpJPPgzT.c.o  -L/home/alaeddine/Desktop/rec-sys/app-backend/node_modules/node-rdkafka/build/deps -fPIC 
DBG 85866: Setting PIC (PIC) status to ok (action disable)
DBG 85866: Compile check gnulib (WITH_GNULD) (sub=0): gcc  -g -O2 -fPIC -Wall -Werror _mkltmpTEwhW2.c -o _mkltmpTEwhW2.c.o  -L/home/alaeddine/Desktop/rec-sys/app-backend/node_modules/node-rdkafka/build/deps -shared -Wl,-soname,mkltest.0 
DBG 85866: Setting gnulib (gnulib) status to ok (action cont)
DBG 85866: Compile check ldsflagvs () (sub=0): gcc  -g -O2 -fPIC -Wall -Werror _mkltmp619cSy.c -o _mkltmp619cSy.c.o  -L/home/alaeddine/Desktop/rec-sys/app-backend/node_modules/node-rdkafka/build/deps -shared -Wl,--version-script=_mkltmphN7Piw 
DBG 85866: Setting ldsflagvs (ldsflagvs) status to ok (action cont)
DBG 85866: Compile check __atomic_32 (HAVE_ATOMICS_32) (sub=0): gcc  -g -O2 -fPIC -Wall -Werror _mkltmpuay9Fj.c -o _mkltmpuay9Fj.c.o  -L/home/alaeddine/Desktop/rec-sys/app-backend/node_modules/node-rdkafka/build/deps  
DBG 85866: Setting __atomic_32 (__atomic_32) status to ok (action cont)
DBG 85866: Compile check __atomic_64 (HAVE_ATOMICS_64) (sub=0): gcc  -g -O2 -fPIC -Wall -Werror _mkltmpPi4Lcm.c -o _mkltmpPi4Lcm.c.o  -L/home/alaeddine/Desktop/rec-sys/app-backend/node_modules/node-rdkafka/build/deps  
DBG 85866: Setting __atomic_64 (__atomic_64) status to ok (action cont)
DBG 85866: Compile check socket () (sub=0): gcc  -g -O2 -fPIC -Wall -Wsign-compare -Wfloat-equal -Wpointer-arith -Wcast-align -Wall -Werror _mkltmp8Cy5ww.c -o _mkltmp8Cy5ww.c.o  -L/home/alaeddine/Desktop/rec-sys/app-backend/node_modules/node-rdkafka/build/deps  
DBG 85866: Setting socket (socket) status to ok (action cont)
DBG 85866: Setting parseversion (parseversion) status to ok (action cont)
DBG 85866: pkg-config check librt for CFLAGS (): pkg-config --short-errors --cflags librt
DBG 85866: 'pkg-config --short-errors --cflags librt' failed: No package 'librt' found
DBG 85866: Setting librt_PKGCONFIG (librt_PKGCONFIG) status to failed (action cont)
DBG 85866: Check librt_PKGCONFIG (, action cont (originally cont)) failed: 'pkg-config --short-errors --cflags librt' failed:
No package 'librt' found
DBG 85866: librt: Check for static library (libs -lrt, arfile variable STATIC_LIB_librt=, static filenames )
DBG 85866: Compile check librt () (sub=0): gcc  -g -O2 -fPIC -Wall -Wsign-compare -Wfloat-equal -Wpointer-arith -Wcast-align -Wall -Werror _mkltmp5gfnEW.c -o _mkltmp5gfnEW.c.o  -L/home/alaeddine/Desktop/rec-sys/app-backend/node_modules/node-rdkafka/build/deps -lrt 
DBG 85866: Setting librt (librt) status to ok (action cont)
DBG 85866: librt: from lib_check: LIBS: prepend -lrt
DBG 85866: pkg-config check libpthread for CFLAGS (): pkg-config --short-errors --cflags libpthread
DBG 85866: 'pkg-config --short-errors --cflags libpthread' failed: No package 'libpthread' found
DBG 85866: Setting libpthread_PKGCONFIG (libpthread_PKGCONFIG) status to failed (action cont)
DBG 85866: Check libpthread_PKGCONFIG (, action cont (originally cont)) failed: 'pkg-config --short-errors --cflags libpthread' failed:
No package 'libpthread' found
DBG 85866: libpthread: Check for static library (libs -lpthread, arfile variable STATIC_LIB_libpthread=, static filenames )
DBG 85866: Compile check libpthread () (sub=0): gcc  -g -O2 -fPIC -Wall -Wsign-compare -Wfloat-equal -Wpointer-arith -Wcast-align -Wall -Werror _mkltmpRlEBl4.c -o _mkltmpRlEBl4.c.o  -L/home/alaeddine/Desktop/rec-sys/app-backend/node_modules/node-rdkafka/build/deps -lpthread -lrt
DBG 85866: Setting libpthread (libpthread) status to ok (action fail)
DBG 85866: libpthread: from lib_check: LIBS: prepend -lpthread
DBG 85866: pkg-config check c11threads for CFLAGS (WITH_C11THREADS): pkg-config --short-errors --cflags c11threads
DBG 85866: 'pkg-config --short-errors --cflags c11threads' failed: No package 'c11threads' found
DBG 85866: Setting c11threads_PKGCONFIG (c11threads_PKGCONFIG) status to failed (action cont)
DBG 85866: Check c11threads_PKGCONFIG (, action cont (originally cont)) failed: 'pkg-config --short-errors --cflags c11threads' failed:
No package 'c11threads' found
DBG 85866: c11threads: Check for static library (libs -lpthread -lrt, arfile variable STATIC_LIB_c11threads=, static filenames )
DBG 85866: Compile check c11threads (WITH_C11THREADS) (sub=0): gcc  -g -O2 -fPIC -Wall -Wsign-compare -Wfloat-equal -Wpointer-arith -Wcast-align -Wall -Werror _mkltmpBeepXI.c -o _mkltmpBeepXI.c.o  -L/home/alaeddine/Desktop/rec-sys/app-backend/node_modules/node-rdkafka/build/deps -lpthread -lrt -lpthread -lrt
DBG 85866: Setting c11threads (c11threads) status to ok (action disable)
DBG 85866: c11threads: from lib_check: LIBS: prepend -lpthread -lrt
DBG 85866: pkg-config check libdl for CFLAGS (WITH_LIBDL): pkg-config --short-errors --cflags libdl
DBG 85866: 'pkg-config --short-errors --cflags libdl' failed: No package 'libdl' found
DBG 85866: Setting libdl_PKGCONFIG (libdl_PKGCONFIG) status to failed (action cont)
DBG 85866: Check libdl_PKGCONFIG (, action cont (originally cont)) failed: 'pkg-config --short-errors --cflags libdl' failed:
No package 'libdl' found
DBG 85866: libdl: Check for static library (libs -ldl, arfile variable STATIC_LIB_libdl=, static filenames )
DBG 85866: Compile check libdl (WITH_LIBDL) (sub=0): gcc  -g -O2 -fPIC -Wall -Wsign-compare -Wfloat-equal -Wpointer-arith -Wcast-align -Wall -Werror _mkltmp3F6tok.c -o _mkltmp3F6tok.c.o  -L/home/alaeddine/Desktop/rec-sys/app-backend/node_modules/node-rdkafka/build/deps -ldl -lpthread -lrt -lpthread -lrt
DBG 85866: Setting libdl (libdl) status to ok (action disable)
DBG 85866: libdl: from lib_check: LIBS: prepend -ldl
DBG 85866: pkg-config check zlib for CFLAGS (WITH_ZLIB): pkg-config --short-errors --cflags zlib
DBG 85866: pkg-config check zlib for LIBS (WITH_ZLIB): pkg-config --short-errors --libs zlib
DBG 85866: zlib: from pkg-config: CFLAGS '', LIBS '-ldl -lpthread -lrt -lpthread -lrt'
DBG 85866: zlib: performing compile check using pkg-config info
DBG 85866: Compile check zlib (WITH_ZLIB) (sub=1): gcc  -g -O2 -fPIC -Wall -Wsign-compare -Wfloat-equal -Wpointer-arith -Wcast-align -Wall -Werror _mkltmpa7M6ro.c -o _mkltmpa7M6ro.c.o  -L/home/alaeddine/Desktop/rec-sys/app-backend/node_modules/node-rdkafka/build/deps  -lz -ldl -lpthread -lrt -lpthread -lrt
DBG 85866: zlib: Check for static library (libs -lz, arfile variable STATIC_LIB_zlib=, static filenames libz.a)
DBG 85866: zlib: from pkg-config: LIBS: prepend -lz
DBG 85866: Setting zlib (zlib) status to ok (action cont)
DBG 85866: pkg-config check libcrypto for CFLAGS (): pkg-config --short-errors --cflags libcrypto
DBG 85866: pkg-config check libcrypto for LIBS (): pkg-config --short-errors --libs libcrypto
DBG 85866: libcrypto: from pkg-config: CFLAGS '', LIBS '-lz -ldl -lpthread -lrt -lpthread -lrt'
DBG 85866: libcrypto: performing compile check using pkg-config info
DBG 85866: Compile check libcrypto () (sub=1): gcc  -g -O2 -fPIC -Wall -Wsign-compare -Wfloat-equal -Wpointer-arith -Wcast-align -Wall -Werror _mkltmpF4zeys.c -o _mkltmpF4zeys.c.o  -L/home/alaeddine/Desktop/rec-sys/app-backend/node_modules/node-rdkafka/build/deps  -lcrypto -lz -ldl -lpthread -lrt -lpthread -lrt
DBG 85866: libcrypto: Check for static library (libs -lcrypto, arfile variable STATIC_LIB_libcrypto=, static filenames libcrypto.a)
DBG 85866: libcrypto: from pkg-config: LIBS: prepend -lcrypto
DBG 85866: Setting libcrypto (libcrypto) status to ok (action cont)
DBG 85866: pkg-config check libssl for CFLAGS (WITH_SSL): pkg-config --short-errors --cflags libssl
DBG 85866: pkg-config check libssl for LIBS (WITH_SSL): pkg-config --short-errors --libs libssl
DBG 85866: libssl: from pkg-config: CFLAGS '', LIBS '-lcrypto -lz -ldl -lpthread -lrt -lpthread -lrt'
DBG 85866: libssl: performing compile check using pkg-config info
DBG 85866: Compile check libssl (WITH_SSL) (sub=1): gcc  -g -O2 -fPIC -Wall -Wsign-compare -Wfloat-equal -Wpointer-arith -Wcast-align -Wall -Werror _mkltmpNh36O1.c -o _mkltmpNh36O1.c.o  -L/home/alaeddine/Desktop/rec-sys/app-backend/node_modules/node-rdkafka/build/deps  -lssl -lcrypto -lz -ldl -lpthread -lrt -lpthread -lrt
DBG 85866: libssl: Check for static library (libs -lssl, arfile variable STATIC_LIB_libssl=, static filenames libssl.a)
DBG 85866: libssl: from pkg-config: LIBS: prepend -lssl
DBG 85866: Setting libssl (libssl) status to ok (action cont)
DBG 85866: pkg-config check libsasl2 for CFLAGS (WITH_SASL_CYRUS): pkg-config --short-errors --cflags libsasl2
DBG 85866: 'pkg-config --short-errors --cflags libsasl2' failed: No package 'libsasl2' found
DBG 85866: Setting libsasl2_PKGCONFIG (libsasl2_PKGCONFIG) status to failed (action cont)
DBG 85866: Check libsasl2_PKGCONFIG (, action cont (originally cont)) failed: 'pkg-config --short-errors --cflags libsasl2' failed:
No package 'libsasl2' found
DBG 85866: libsasl2: Check for static library (libs -lsasl2, arfile variable STATIC_LIB_libsasl2=, static filenames )
DBG 85866: Compile check libsasl2 (WITH_SASL_CYRUS) (sub=0): gcc  -g -O2 -fPIC -Wall -Wsign-compare -Wfloat-equal -Wpointer-arith -Wcast-align -Wall -Werror _mkltmp4gLvOa.c -o _mkltmp4gLvOa.c.o  -L/home/alaeddine/Desktop/rec-sys/app-backend/node_modules/node-rdkafka/build/deps -lsasl2 -lssl -lcrypto -lz -ldl -lpthread -lrt -lpthread -lrt
DBG 85866: compile check for libsasl2 (WITH_SASL_CYRUS) failed: gcc  -g -O2 -fPIC -Wall -Wsign-compare -Wfloat-equal -Wpointer-arith -Wcast-align -Wall -Werror _mkltmp4gLvOa.c -o _mkltmp4gLvOa.c.o  -L/home/alaeddine/Desktop/rec-sys/app-backend/node_modules/node-rdkafka/build/deps -lsasl2 -lssl -lcrypto -lz -ldl -lpthread -lrt -lpthread -lrt: _mkltmp4gLvOa.c:3:10: fatal error: sasl/sasl.h: No such file or directory
    3 | #include <sasl/sasl.h>
      |          ^~~~~~~~~~~~~
compilation terminated.
DBG 85866: Setting libsasl2 (libsasl2) status to failed (action disable)
DBG 85866: Check libsasl2 (WITH_SASL_CYRUS, action disable (originally disable)) failed: compile check failed:
CC: CC
flags: -lsasl2
gcc  -g -O2 -fPIC -Wall -Wsign-compare -Wfloat-equal -Wpointer-arith -Wcast-align -Wall -Werror _mkltmp4gLvOa.c -o _mkltmp4gLvOa.c.o  -L/home/alaeddine/Desktop/rec-sys/app-backend/node_modules/node-rdkafka/build/deps -lsasl2 -lssl -lcrypto -lz -ldl -lpthread -lrt -lpthread -lrt:
_mkltmp4gLvOa.c:3:10: fatal error: sasl/sasl.h: No such file or directory
    3 | #include <sasl/sasl.h>
      |          ^~~~~~~~~~~~~
compilation terminated.
source: 
#include <stddef.h>
#include <sasl/sasl.h>

DBG 85866: pkg-config check libsasl for CFLAGS (WITH_SASL_CYRUS): pkg-config --short-errors --cflags libsasl
DBG 85866: 'pkg-config --short-errors --cflags libsasl' failed: No package 'libsasl' found
DBG 85866: Setting libsasl_PKGCONFIG (libsasl_PKGCONFIG) status to failed (action cont)
DBG 85866: Check libsasl_PKGCONFIG (, action cont (originally cont)) failed: 'pkg-config --short-errors --cflags libsasl' failed:
No package 'libsasl' found
DBG 85866: libsasl: Check for static library (libs -lsasl, arfile variable STATIC_LIB_libsasl=, static filenames )
DBG 85866: Compile check libsasl (WITH_SASL_CYRUS) (sub=0): gcc  -g -O2 -fPIC -Wall -Wsign-compare -Wfloat-equal -Wpointer-arith -Wcast-align -Wall -Werror _mkltmpkx2Jz1.c -o _mkltmpkx2Jz1.c.o  -L/home/alaeddine/Desktop/rec-sys/app-backend/node_modules/node-rdkafka/build/deps -lsasl -lssl -lcrypto -lz -ldl -lpthread -lrt -lpthread -lrt
DBG 85866: compile check for libsasl (WITH_SASL_CYRUS) failed: gcc  -g -O2 -fPIC -Wall -Wsign-compare -Wfloat-equal -Wpointer-arith -Wcast-align -Wall -Werror _mkltmpkx2Jz1.c -o _mkltmpkx2Jz1.c.o  -L/home/alaeddine/Desktop/rec-sys/app-backend/node_modules/node-rdkafka/build/deps -lsasl -lssl -lcrypto -lz -ldl -lpthread -lrt -lpthread -lrt: _mkltmpkx2Jz1.c:3:10: fatal error: sasl/sasl.h: No such file or directory
    3 | #include <sasl/sasl.h>
      |          ^~~~~~~~~~~~~
compilation terminated.
DBG 85866: Setting libsasl (libsasl) status to failed (action disable)
DBG 85866: Check libsasl (WITH_SASL_CYRUS, action disable (originally disable)) failed: compile check failed:
CC: CC
flags: -lsasl
gcc  -g -O2 -fPIC -Wall -Wsign-compare -Wfloat-equal -Wpointer-arith -Wcast-align -Wall -Werror _mkltmpkx2Jz1.c -o _mkltmpkx2Jz1.c.o  -L/home/alaeddine/Desktop/rec-sys/app-backend/node_modules/node-rdkafka/build/deps -lsasl -lssl -lcrypto -lz -ldl -lpthread -lrt -lpthread -lrt:
_mkltmpkx2Jz1.c:3:10: fatal error: sasl/sasl.h: No such file or directory
    3 | #include <sasl/sasl.h>
      |          ^~~~~~~~~~~~~
compilation terminated.
source: 
#include <stddef.h>
#include <sasl/sasl.h>

DBG 85866: pkg-config check libzstd for CFLAGS (WITH_ZSTD): pkg-config --short-errors --cflags libzstd
DBG 85866: 'pkg-config --short-errors --cflags libzstd' failed: No package 'libzstd' found
DBG 85866: Setting libzstd_PKGCONFIG (libzstd_PKGCONFIG) status to failed (action cont)
DBG 85866: Check libzstd_PKGCONFIG (, action cont (originally cont)) failed: 'pkg-config --short-errors --cflags libzstd' failed:
No package 'libzstd' found
DBG 85866: libzstd: Check for static library (libs -lzstd, arfile variable STATIC_LIB_libzstd=, static filenames libzstd.a)
DBG 85866: Compile check libzstd (WITH_ZSTD) (sub=0): gcc  -g -O2 -fPIC -Wall -Wsign-compare -Wfloat-equal -Wpointer-arith -Wcast-align -Wall -Werror _mkltmpQ9Bith.c -o _mkltmpQ9Bith.c.o  -L/home/alaeddine/Desktop/rec-sys/app-backend/node_modules/node-rdkafka/build/deps -lzstd -lssl -lcrypto -lz -ldl -lpthread -lrt -lpthread -lrt
DBG 85866: compile check for libzstd (WITH_ZSTD) failed: gcc  -g -O2 -fPIC -Wall -Wsign-compare -Wfloat-equal -Wpointer-arith -Wcast-align -Wall -Werror _mkltmpQ9Bith.c -o _mkltmpQ9Bith.c.o  -L/home/alaeddine/Desktop/rec-sys/app-backend/node_modules/node-rdkafka/build/deps -lzstd -lssl -lcrypto -lz -ldl -lpthread -lrt -lpthread -lrt: _mkltmpQ9Bith.c:2:10: fatal error: zstd.h: No such file or directory
    2 | #include <zstd.h>
      |          ^~~~~~~~
compilation terminated.
DBG 85866: Setting libzstd (libzstd) status to failed (action disable)
DBG 85866: Check libzstd (WITH_ZSTD, action disable (originally disable)) failed: compile check failed:
CC: CC
flags: -lzstd
gcc  -g -O2 -fPIC -Wall -Wsign-compare -Wfloat-equal -Wpointer-arith -Wcast-align -Wall -Werror _mkltmpQ9Bith.c -o _mkltmpQ9Bith.c.o  -L/home/alaeddine/Desktop/rec-sys/app-backend/node_modules/node-rdkafka/build/deps -lzstd -lssl -lcrypto -lz -ldl -lpthread -lrt -lpthread -lrt:
_mkltmpQ9Bith.c:2:10: fatal error: zstd.h: No such file or directory
    2 | #include <zstd.h>
      |          ^~~~~~~~
compilation terminated.
source: 
#include <zstd.h>
#include <zstd_errors.h>

void foo (void) {
     ZSTD_getFrameContentSize(NULL, 0);
}

DBG 85866: pkg-config check libcurl for CFLAGS (WITH_CURL): pkg-config --short-errors --cflags libcurl
DBG 85866: pkg-config check libcurl for LIBS (WITH_CURL): pkg-config --short-errors --libs libcurl
DBG 85866: libcurl: from pkg-config: CFLAGS '', LIBS '-lssl -lcrypto -lz -ldl -lpthread -lrt -lpthread -lrt'
DBG 85866: libcurl: performing compile check using pkg-config info
DBG 85866: Compile check libcurl (WITH_CURL) (sub=1): gcc  -g -O2 -fPIC -Wall -Wsign-compare -Wfloat-equal -Wpointer-arith -Wcast-align -Wall -Werror _mkltmph6xdha.c -o _mkltmph6xdha.c.o  -L/home/alaeddine/Desktop/rec-sys/app-backend/node_modules/node-rdkafka/build/deps -I/usr/include/x86_64-linux-gnu -lcurl -lssl -lcrypto -lz -ldl -lpthread -lrt -lpthread -lrt
DBG 85866: libcurl: Check for static library (libs -lcurl, arfile variable STATIC_LIB_libcurl=, static filenames libcurl.a)
DBG 85866: libcurl: from pkg-config: LIBS: prepend -lcurl
DBG 85866: Setting libcurl (libcurl) status to ok (action cont)
DBG 85866: pkg-config check libm for CFLAGS (): pkg-config --short-errors --cflags libm
DBG 85866: 'pkg-config --short-errors --cflags libm' failed: No package 'libm' found
DBG 85866: Setting libm_PKGCONFIG (libm_PKGCONFIG) status to failed (action cont)
DBG 85866: Check libm_PKGCONFIG (, action cont (originally cont)) failed: 'pkg-config --short-errors --cflags libm' failed:
No package 'libm' found
DBG 85866: libm: Check for static library (libs -lm, arfile variable STATIC_LIB_libm=, static filenames )
DBG 85866: Compile check libm () (sub=0): gcc -I/usr/include/x86_64-linux-gnu -g -O2 -fPIC -Wall -Wsign-compare -Wfloat-equal -Wpointer-arith -Wcast-align -Wall -Werror _mkltmpqtHiRw.c -o _mkltmpqtHiRw.c.o  -L/home/alaeddine/Desktop/rec-sys/app-backend/node_modules/node-rdkafka/build/deps -lm -lcurl -lssl -lcrypto -lz -ldl -lpthread -lrt -lpthread -lrt
DBG 85866: Setting libm (libm) status to ok (action disable)
DBG 85866: libm: from lib_check: LIBS: prepend -lm
DBG 85866: pkg-config check liblz4 for CFLAGS (WITH_LZ4_EXT): pkg-config --short-errors --cflags liblz4
DBG 85866: 'pkg-config --short-errors --cflags liblz4' failed: No package 'liblz4' found
DBG 85866: Setting liblz4_PKGCONFIG (liblz4_PKGCONFIG) status to failed (action cont)
DBG 85866: Check liblz4_PKGCONFIG (, action cont (originally cont)) failed: 'pkg-config --short-errors --cflags liblz4' failed:
No package 'liblz4' found
DBG 85866: liblz4: Check for static library (libs -llz4, arfile variable STATIC_LIB_liblz4=, static filenames liblz4.a)
DBG 85866: Compile check liblz4 (WITH_LZ4_EXT) (sub=0): gcc -I/usr/include/x86_64-linux-gnu -g -O2 -fPIC -Wall -Wsign-compare -Wfloat-equal -Wpointer-arith -Wcast-align -Wall -Werror _mkltmp4a0E7A.c -o _mkltmp4a0E7A.c.o  -L/home/alaeddine/Desktop/rec-sys/app-backend/node_modules/node-rdkafka/build/deps -llz4 -lm -lcurl -lssl -lcrypto -lz -ldl -lpthread -lrt -lpthread -lrt
DBG 85866: compile check for liblz4 (WITH_LZ4_EXT) failed: gcc -I/usr/include/x86_64-linux-gnu -g -O2 -fPIC -Wall -Wsign-compare -Wfloat-equal -Wpointer-arith -Wcast-align -Wall -Werror _mkltmp4a0E7A.c -o _mkltmp4a0E7A.c.o  -L/home/alaeddine/Desktop/rec-sys/app-backend/node_modules/node-rdkafka/build/deps -llz4 -lm -lcurl -lssl -lcrypto -lz -ldl -lpthread -lrt -lpthread -lrt: _mkltmp4a0E7A.c:1:10: fatal error: lz4frame.h: No such file or directory
    1 | #include <lz4frame.h>
      |          ^~~~~~~~~~~~
compilation terminated.
DBG 85866: Setting liblz4 (liblz4) status to failed (action disable)
DBG 85866: Check liblz4 (WITH_LZ4_EXT, action disable (originally disable)) failed: compile check failed:
CC: CC
flags: -llz4
gcc -I/usr/include/x86_64-linux-gnu -g -O2 -fPIC -Wall -Wsign-compare -Wfloat-equal -Wpointer-arith -Wcast-align -Wall -Werror _mkltmp4a0E7A.c -o _mkltmp4a0E7A.c.o  -L/home/alaeddine/Desktop/rec-sys/app-backend/node_modules/node-rdkafka/build/deps -llz4 -lm -lcurl -lssl -lcrypto -lz -ldl -lpthread -lrt -lpthread -lrt:
_mkltmp4a0E7A.c:1:10: fatal error: lz4frame.h: No such file or directory
    1 | #include <lz4frame.h>
      |          ^~~~~~~~~~~~
compilation terminated.
source: #include <lz4frame.h>
DBG 85866: Compile check syslog (WITH_SYSLOG) (sub=0): gcc -I/usr/include/x86_64-linux-gnu -g -O2 -fPIC -Wall -Wsign-compare -Wfloat-equal -Wpointer-arith -Wcast-align -Wall -Werror _mkltmpSM5eKB.c -o _mkltmpSM5eKB.c.o  -L/home/alaeddine/Desktop/rec-sys/app-backend/node_modules/node-rdkafka/build/deps  -lm -lcurl -lssl -lcrypto -lz -ldl -lpthread -lrt -lpthread -lrt
DBG 85866: Setting syslog (syslog) status to ok (action disable)
DBG 85866: Compile check rapidjson (WITH_RAPIDJSON) (sub=0): g++  -g -O2 -fPIC -Wall -Wsign-compare -Wfloat-equal -Wpointer-arith -Wcast-align -Wall -Werror _mkltmpyt4oWt.cpp -o _mkltmpyt4oWt.cpp.o  -L/home/alaeddine/Desktop/rec-sys/app-backend/node_modules/node-rdkafka/build/deps  -lm -lcurl -lssl -lcrypto -lz -ldl -lpthread -lrt -lpthread -lrt
DBG 85866: compile check for rapidjson (WITH_RAPIDJSON) failed: g++  -g -O2 -fPIC -Wall -Wsign-compare -Wfloat-equal -Wpointer-arith -Wcast-align -Wall -Werror _mkltmpyt4oWt.cpp -o _mkltmpyt4oWt.cpp.o  -L/home/alaeddine/Desktop/rec-sys/app-backend/node_modules/node-rdkafka/build/deps  -lm -lcurl -lssl -lcrypto -lz -ldl -lpthread -lrt -lpthread -lrt: _mkltmpyt4oWt.cpp:1:10: fatal error: rapidjson/schema.h: No such file or directory
    1 | #include <rapidjson/schema.h>
      |          ^~~~~~~~~~~~~~~~~~~~
compilation terminated.
DBG 85866: Setting rapidjson (rapidjson) status to failed (action disable)
DBG 85866: Check rapidjson (WITH_RAPIDJSON, action disable (originally disable)) failed: compile check failed:
CC: CXX
flags: 
g++  -g -O2 -fPIC -Wall -Wsign-compare -Wfloat-equal -Wpointer-arith -Wcast-align -Wall -Werror _mkltmpyt4oWt.cpp -o _mkltmpyt4oWt.cpp.o  -L/home/alaeddine/Desktop/rec-sys/app-backend/node_modules/node-rdkafka/build/deps  -lm -lcurl -lssl -lcrypto -lz -ldl -lpthread -lrt -lpthread -lrt:
_mkltmpyt4oWt.cpp:1:10: fatal error: rapidjson/schema.h: No such file or directory
    1 | #include <rapidjson/schema.h>
      |          ^~~~~~~~~~~~~~~~~~~~
compilation terminated.
source: #include <rapidjson/schema.h>
DBG 85866: Compile check crc32chw (WITH_CRC32C_HW) (sub=0): gcc -I/usr/include/x86_64-linux-gnu -g -O2 -fPIC -Wall -Wsign-compare -Wfloat-equal -Wpointer-arith -Wcast-align -Wall -Werror _mkltmpCGyJNv.c -o _mkltmpCGyJNv.c.o  -L/home/alaeddine/Desktop/rec-sys/app-backend/node_modules/node-rdkafka/build/deps  -lm -lcurl -lssl -lcrypto -lz -ldl -lpthread -lrt -lpthread -lrt
DBG 85866: Setting crc32chw (crc32chw) status to ok (action disable)
DBG 85866: Compile check regex (HAVE_REGEX) (sub=0): gcc -I/usr/include/x86_64-linux-gnu -g -O2 -fPIC -Wall -Wsign-compare -Wfloat-equal -Wpointer-arith -Wcast-align -Wall -Werror _mkltmpektMrO.c -o _mkltmpektMrO.c.o  -L/home/alaeddine/Desktop/rec-sys/app-backend/node_modules/node-rdkafka/build/deps  -lm -lcurl -lssl -lcrypto -lz -ldl -lpthread -lrt -lpthread -lrt
DBG 85866: Setting regex (regex) status to ok (action disable)
DBG 85866: Compile check rand_r (HAVE_RAND_R) (sub=0): gcc -I/usr/include/x86_64-linux-gnu -g -O2 -fPIC -Wall -Wsign-compare -Wfloat-equal -Wpointer-arith -Wcast-align -Wall -Werror _mkltmp35O1ly.c -o _mkltmp35O1ly.c.o  -L/home/alaeddine/Desktop/rec-sys/app-backend/node_modules/node-rdkafka/build/deps  -lm -lcurl -lssl -lcrypto -lz -ldl -lpthread -lrt -lpthread -lrt
DBG 85866: Setting rand_r (rand_r) status to ok (action disable)
DBG 85866: Compile check strndup (HAVE_STRNDUP) (sub=0): gcc -I/usr/include/x86_64-linux-gnu -g -O2 -fPIC -Wall -Wsign-compare -Wfloat-equal -Wpointer-arith -Wcast-align -Wall -Werror _mkltmpe68vR3.c -o _mkltmpe68vR3.c.o  -L/home/alaeddine/Desktop/rec-sys/app-backend/node_modules/node-rdkafka/build/deps  -lm -lcurl -lssl -lcrypto -lz -ldl -lpthread -lrt -lpthread -lrt
DBG 85866: Setting strndup (strndup) status to ok (action disable)
DBG 85866: Compile check strlcpy (HAVE_STRLCPY) (sub=0): gcc -I/usr/include/x86_64-linux-gnu -g -O2 -fPIC -Wall -Wsign-compare -Wfloat-equal -Wpointer-arith -Wcast-align -Wall -Werror _mkltmpfXsKkr.c -o _mkltmpfXsKkr.c.o  -L/home/alaeddine/Desktop/rec-sys/app-backend/node_modules/node-rdkafka/build/deps  -lm -lcurl -lssl -lcrypto -lz -ldl -lpthread -lrt -lpthread -lrt
DBG 85866: compile check for strlcpy (HAVE_STRLCPY) failed: gcc -I/usr/include/x86_64-linux-gnu -g -O2 -fPIC -Wall -Wsign-compare -Wfloat-equal -Wpointer-arith -Wcast-align -Wall -Werror _mkltmpfXsKkr.c -o _mkltmpfXsKkr.c.o  -L/home/alaeddine/Desktop/rec-sys/app-backend/node_modules/node-rdkafka/build/deps  -lm -lcurl -lssl -lcrypto -lz -ldl -lpthread -lrt -lpthread -lrt: _mkltmpfXsKkr.c: In function ‘foo’:
_mkltmpfXsKkr.c:6:11: error: implicit declaration of function ‘strlcpy’; did you mean ‘strncpy’? [-Werror=implicit-function-declaration]
    6 |    return strlcpy(dest, "something", sizeof(dest));
      |           ^~~~~~~
      |           strncpy
cc1: all warnings being treated as errors
DBG 85866: Setting strlcpy (strlcpy) status to failed (action disable)
DBG 85866: Check strlcpy (HAVE_STRLCPY, action disable (originally disable)) failed: compile check failed:
CC: CC
flags: 
gcc -I/usr/include/x86_64-linux-gnu -g -O2 -fPIC -Wall -Wsign-compare -Wfloat-equal -Wpointer-arith -Wcast-align -Wall -Werror _mkltmpfXsKkr.c -o _mkltmpfXsKkr.c.o  -L/home/alaeddine/Desktop/rec-sys/app-backend/node_modules/node-rdkafka/build/deps  -lm -lcurl -lssl -lcrypto -lz -ldl -lpthread -lrt -lpthread -lrt:
_mkltmpfXsKkr.c: In function ‘foo’:
_mkltmpfXsKkr.c:6:11: error: implicit declaration of function ‘strlcpy’; did you mean ‘strncpy’? [-Werror=implicit-function-declaration]
    6 |    return strlcpy(dest, "something", sizeof(dest));
      |           ^~~~~~~
      |           strncpy
cc1: all warnings being treated as errors
source: 
#define _DARWIN_C_SOURCE
#include <string.h>
int foo (void) {
    char dest[4];
   return strlcpy(dest, "something", sizeof(dest));
}
DBG 85866: Compile check strerror_r (HAVE_STRERROR_R) (sub=0): gcc -I/usr/include/x86_64-linux-gnu -g -O2 -fPIC -Wall -Wsign-compare -Wfloat-equal -Wpointer-arith -Wcast-align -Wall -Werror _mkltmpOIrsuD.c -o _mkltmpOIrsuD.c.o  -L/home/alaeddine/Desktop/rec-sys/app-backend/node_modules/node-rdkafka/build/deps  -lm -lcurl -lssl -lcrypto -lz -ldl -lpthread -lrt -lpthread -lrt
DBG 85866: Setting strerror_r (strerror_r) status to ok (action disable)
DBG 85866: Compile check strcasestr (HAVE_STRCASESTR) (sub=0): gcc -I/usr/include/x86_64-linux-gnu -g -O2 -fPIC -Wall -Wsign-compare -Wfloat-equal -Wpointer-arith -Wcast-align -Wall -Werror _mkltmp6Z6P8T.c -o _mkltmp6Z6P8T.c.o  -L/home/alaeddine/Desktop/rec-sys/app-backend/node_modules/node-rdkafka/build/deps  -lm -lcurl -lssl -lcrypto -lz -ldl -lpthread -lrt -lpthread -lrt
DBG 85866: Setting strcasestr (strcasestr) status to ok (action disable)
DBG 85866: Compile check pthread_setname_gnu (HAVE_PTHREAD_SETNAME_GNU) (sub=0): gcc -I/usr/include/x86_64-linux-gnu -g -O2 -fPIC -Wall -Wsign-compare -Wfloat-equal -Wpointer-arith -Wcast-align -Wall -Werror _mkltmpxE4srC.c -o _mkltmpxE4srC.c.o  -L/home/alaeddine/Desktop/rec-sys/app-backend/node_modules/node-rdkafka/build/deps -D_GNU_SOURCE -lpthread -lm -lcurl -lssl -lcrypto -lz -ldl -lpthread -lrt -lpthread -lrt
DBG 85866: Setting pthread_setname_gnu (pthread_setname_gnu) status to ok (action disable)
DBG 85866: Setting nm (nm) status to ok (action cont)
DBG 85866: Setting python3 (python3) status to ok (action disable)
DBG 85866: Compile check getrusage (HAVE_GETRUSAGE) (sub=0): gcc -I/usr/include/x86_64-linux-gnu -g -O2 -fPIC -Wall -Wsign-compare -Wfloat-equal -Wpointer-arith -Wcast-align -Wall -Werror _mkltmpMX0h0z.c -o _mkltmpMX0h0z.c.o  -L/home/alaeddine/Desktop/rec-sys/app-backend/node_modules/node-rdkafka/build/deps  -lm -lcurl -lssl -lcrypto -lz -ldl -lpthread -lrt -lpthread -lrt
DBG 85866: Setting getrusage (getrusage) status to ok (action disable)
